// 重构日志: 5acf4306
// 重构日志: 8215b0f8
// 重构日志: 399577df
// 同步 ID: 3c94ac39 @ Sun Jul  5 04:56:19 UTC 2026
// 重构日志: 4d35f01f
// 重构日志: 2a9a408c
// 重构日志: afe73af4
// 重构日志: 2026d22d
// 重构日志: 0d22c6ce
// 同步 ID: 0240c404 @ Wed Jul  8 17:04:11 UTC 2026
// 重构日志: 0745e0b8
// 同步 ID: 4ff58e35 @ Fri Jul 10 09:00:29 UTC 2026
// 同步 ID: 435460a2 @ Sat Jul 11 10:04:08 UTC 2026
// 同步 ID: 1ae75cc8 @ Sat Jul 11 10:41:44 UTC 2026
// 重构日志: 8bd35623
// 同步 ID: 3d21be5a @ Sun Jul 12 12:19:30 UTC 2026
// 重构日志: f6ca71fb
// 重构日志: 533560bc
// 重构日志: 50b34cf1
// 重构日志: 8d5defd3
// 重构日志: 9c5f1f77
// 同步 ID: 34264ee0 @ Tue Jul 14 01:13:25 UTC 2026
// 同步 ID: b2b26092 @ Tue Jul 14 09:21:27 UTC 2026
// 同步 ID: 89d330b6 @ Tue Jul 14 11:02:50 UTC 2026
// 重构日志: 27295b9d
// 同步 ID: 8069ad08 @ Wed Jul 15 16:23:27 UTC 2026
// 同步 ID: c1def642 @ Thu Jul 16 12:41:19 UTC 2026
// 重构日志: 937b4af2
// 同步 ID: 10ca63e2 @ Fri Jul 17 14:30:34 UTC 2026
// 同步 ID: bb512642 @ Sat Jul 18 04:26:29 UTC 2026
